0 info it worked if it ends with ok
1 verbose cli [ '/usr/local/bin/node', '/usr/local/bin/npm', 'start' ]
2 info using npm@3.10.10
3 info using node@v6.11.2
4 verbose run-script [ 'prestart', 'start', 'poststart' ]
5 info lifecycle poro-game-reviews@~prestart: poro-game-reviews@
6 silly lifecycle poro-game-reviews@~prestart: no script for prestart, continuing
7 info lifecycle poro-game-reviews@~start: poro-game-reviews@
8 verbose lifecycle poro-game-reviews@~start: unsafe-perm in lifecycle true
9 verbose lifecycle poro-game-reviews@~start: PATH: /usr/local/lib/node_modules/npm/bin/node-gyp-bin:/Users/seanfitzgerald/challenges/group-project/poro-game-reviews/node_modules/.bin:/Users/seanfitzgerald/.rvm/gems/ruby-2.4.1/bin:/Users/seanfitzgerald/.rvm/gems/ruby-2.4.1@global/bin:/Users/seanfitzgerald/.rvm/rubies/ruby-2.4.1/bin:/usr/local/bin:/usr/bin:/bin:/usr/sbin:/sbin:/Applications/Postgres.app/Contents/Versions/9.6/bin:/Users/seanfitzgerald/.rvm/bin
10 verbose lifecycle poro-game-reviews@~start: CWD: /Users/seanfitzgerald/challenges/group-project/poro-game-reviews
11 silly lifecycle poro-game-reviews@~start: Args: [ '-c', './bin/webpack-dev-server' ]
12 silly lifecycle poro-game-reviews@~start: Returned: code: 7  signal: null
13 info lifecycle poro-game-reviews@~start: Failed to exec start script
14 verbose stack Error: poro-game-reviews@ start: `./bin/webpack-dev-server`
14 verbose stack Exit status 7
14 verbose stack     at EventEmitter.<anonymous> (/usr/local/lib/node_modules/npm/lib/utils/lifecycle.js:255:16)
14 verbose stack     at emitTwo (events.js:106:13)
14 verbose stack     at EventEmitter.emit (events.js:191:7)
14 verbose stack     at ChildProcess.<anonymous> (/usr/local/lib/node_modules/npm/lib/utils/spawn.js:40:14)
14 verbose stack     at emitTwo (events.js:106:13)
14 verbose stack     at ChildProcess.emit (events.js:191:7)
14 verbose stack     at maybeClose (internal/child_process.js:891:16)
14 verbose stack     at Process.ChildProcess._handle.onexit (internal/child_process.js:226:5)
15 verbose pkgid poro-game-reviews@
16 verbose cwd /Users/seanfitzgerald/challenges/group-project/poro-game-reviews
17 error Darwin 16.7.0
18 error argv "/usr/local/bin/node" "/usr/local/bin/npm" "start"
19 error node v6.11.2
20 error npm  v3.10.10
21 error code ELIFECYCLE
22 error poro-game-reviews@ start: `./bin/webpack-dev-server`
22 error Exit status 7
23 error Failed at the poro-game-reviews@ start script './bin/webpack-dev-server'.
23 error Make sure you have the latest version of node.js and npm installed.
23 error If you do, this is most likely a problem with the poro-game-reviews package,
23 error not with npm itself.
23 error Tell the author that this fails on your system:
23 error     ./bin/webpack-dev-server
23 error You can get information on how to open an issue for this project with:
23 error     npm bugs poro-game-reviews
23 error Or if that isn't available, you can get their info via:
23 error     npm owner ls poro-game-reviews
23 error There is likely additional logging output above.
24 verbose exit [ 1, true ]
